生成启动时间为 2018/10/10 16:44:02。
     1>项目“D:\work\firstDemo\firstDemo.vcxproj”在节点 2 上(build 个目标)。
     1>InitializeBuildStatus:
         正在创建“Debug\firstDemo.unsuccessfulbuild”，因为已指定“AlwaysCreate”。
       ClCompile:
         D:\Program Files (x86)\VC\bin\CL.exe /c /ZI /nologo /W3 /WX- /Od /Oy- /D WIN32 /D _DEBUG /D _CONSOLE /D _UNICODE /D UNICODE /Gm /EHsc /RTC1 /MDd /GS /fp:precise /Zc:wchar_t /Zc:forScope /Fo"Debug\\" /Fd"Debug\vc100.pdb" /Gd /TP /analyze- /errorReport:prompt main.cpp
         正在跳过...(未检测到相关更改)
         main.cpp
       ManifestResourceCompile:
         C:\Program Files (x86)\Microsoft SDKs\Windows\v7.0A\bin\rc.exe /nologo /fo"Debug\firstDemo.exe.embed.manifest.res" Debug\firstDemo_manifest.rc 
       Link:
         D:\Program Files (x86)\VC\bin\link.exe /ERRORREPORT:PROMPT /OUT:"D:\work\firstDemo\Debug\firstDemo.exe" /INCREMENTAL /NOLOGO kernel32.lib user32.lib gdi32.lib winspool.lib comdlg32.lib advapi32.lib shell32.lib ole32.lib oleaut32.lib uuid.lib odbc32.lib odbccp32.lib /MANIFEST /ManifestFile:"Debug\firstDemo.exe.intermediate.manifest" /MANIFESTUAC:"level='asInvoker' uiAccess='false'" /DEBUG /PDB:"D:\work\firstDemo\Debug\firstDemo.pdb" /SUBSYSTEM:CONSOLE /TLBID:1 /DYNAMICBASE /NXCOMPAT /IMPLIB:"D:\work\firstDemo\Debug\firstDemo.lib" /MACHINE:X86 Debug\firstDemo.exe.embed.manifest.res
         Debug\main.obj
            正在创建库 D:\work\firstDemo\Debug\firstDemo.lib 和对象 D:\work\firstDemo\Debug\firstDemo.exp
       Manifest:
         正在删除文件“Debug\firstDemo.exe.embed.manifest”。
         C:\Program Files (x86)\Microsoft SDKs\Windows\v7.0A\bin\mt.exe /nologo /verbose /out:"Debug\firstDemo.exe.embed.manifest" /manifest Debug\firstDemo.exe.intermediate.manifest
         C:\Program Files (x86)\Microsoft SDKs\Windows\v7.0A\bin\rc.exe /nologo /fo"Debug\firstDemo.exe.embed.manifest.res" Debug\firstDemo_manifest.rc 
       LinkEmbedManifest:
         D:\Program Files (x86)\VC\bin\link.exe /ERRORREPORT:PROMPT /OUT:"D:\work\firstDemo\Debug\firstDemo.exe" /INCREMENTAL /NOLOGO kernel32.lib user32.lib gdi32.lib winspool.lib comdlg32.lib advapi32.lib shell32.lib ole32.lib oleaut32.lib uuid.lib odbc32.lib odbccp32.lib /MANIFEST /ManifestFile:"Debug\firstDemo.exe.intermediate.manifest" /MANIFESTUAC:"level='asInvoker' uiAccess='false'" /DEBUG /PDB:"D:\work\firstDemo\Debug\firstDemo.pdb" /SUBSYSTEM:CONSOLE /TLBID:1 /DYNAMICBASE /NXCOMPAT /IMPLIB:"D:\work\firstDemo\Debug\firstDemo.lib" /MACHINE:X86 Debug\firstDemo.exe.embed.manifest.res
         Debug\main.obj
         firstDemo.vcxproj -> D:\work\firstDemo\Debug\firstDemo.exe
       FinalizeBuildStatus:
         正在删除文件“Debug\firstDemo.unsuccessfulbuild”。
         正在对“Debug\firstDemo.lastbuildstate”执行 Touch 任务。
     1>已完成生成项目“D:\work\firstDemo\firstDemo.vcxproj”(build 个目标)的操作。

生成成功。

已用时间 00:00:01.66
